# JRE version: OpenJDK Runtime Environment Temurin-17.0.4+8 (17.0.4+8) (build 17.0.4+8)
# Java VM: OpenJDK 64-Bit Server VM Temurin-17.0.4+8 (17.0.4+8, mixed mode, emulated-client, tiered, compressed oops, compressed class ptrs, g1 gc, windows-amd64)
GC Precious Log:
 CPUs: 8 total, 8 available
 Memory: 7834M
 Large Page Support: Disabled
 NUMA Support: Disabled
 Compressed Oops: Enabled (32-bit)
 Heap Region Size: 1M
 Heap Min Capacity: 8M
 Heap Initial Capacity: 124M
 Heap Max Capacity: 1960M
 Pre-touch: Disabled
 Parallel Workers: 8
 Concurrent Workers: 2
 Concurrent Refinement Workers: 8
 Periodic GC: Disabled
Heap:
 garbage-first heap   total 314368K, used 109458K [0x0000000085800000, 0x0000000100000000)
  region size 1024K, 17 young (17408K), 17 survivors (17408K)
 Metaspace       used 39704K, committed 40128K, reserved 1089536K
  class space    used 5042K, committed 5248K, reserved 1048576K
GC Heap History (20 events):
Event: 4.244 GC heap after
{Heap after GC invocations=14 (full 0):
 garbage-first heap   total 145408K, used 46198K [0x0000000085800000, 0x0000000100000000)
  region size 1024K, 6 young (6144K), 6 survivors (6144K)
 Metaspace       used 35907K, committed 36160K, reserved 1081344K
  class space    used 4664K, committed 4800K, reserved 1048576K
}
Event: 4.518 GC heap before
{Heap before GC invocations=15 (full 0):
 garbage-first heap   total 145408K, used 100470K [0x0000000085800000, 0x0000000100000000)
  region size 1024K, 58 young (59392K), 6 survivors (6144K)
 Metaspace       used 37191K, committed 37568K, reserved 1089536K
  class space    used 4805K, committed 4992K, reserved 1048576K
}
Event: 4.553 GC heap after
{Heap after GC invocations=16 (full 0):
 garbage-first heap   total 145408K, used 62628K [0x0000000085800000, 0x0000000100000000)
  region size 1024K, 8 young (8192K), 8 survivors (8192K)
 Metaspace       used 37191K, committed 37568K, reserved 1089536K
  class space    used 4805K, committed 4992K, reserved 1048576K
}
Event: 4.600 GC heap before
{Heap before GC invocations=16 (full 0):
 garbage-first heap   total 145408K, used 99492K [0x0000000085800000, 0x0000000100000000)
  region size 1024K, 45 young (46080K), 8 survivors (8192K)
 Metaspace       used 37340K, committed 37696K, reserved 1089536K
  class space    used 4822K, committed 4992K, reserved 1048576K
}
Event: 4.606 GC heap after
{Heap after GC invocations=17 (full 0):
 garbage-first heap   total 145408K, used 66262K [0x0000000085800000, 0x0000000100000000)
  region size 1024K, 3 young (3072K), 3 survivors (3072K)
 Metaspace       used 37340K, committed 37696K, reserved 1089536K
  class space    used 4822K, committed 4992K, reserved 1048576K
}
Event: 4.701 GC heap before
{Heap before GC invocations=18 (full 0):
 garbage-first heap   total 145408K, used 102102K [0x0000000085800000, 0x0000000100000000)
  region size 1024K, 40 young (40960K), 3 survivors (3072K)
 Metaspace       used 37519K, committed 37824K, reserved 1089536K
  class space    used 4846K, committed 4992K, reserved 1048576K
}
Event: 4.703 GC heap after
{Heap after GC invocations=19 (full 0):
 garbage-first heap   total 145408K, used 65836K [0x0000000085800000, 0x0000000100000000)
  region size 1024K, 4 young (4096K), 4 survivors (4096K)
 Metaspace       used 37519K, committed 37824K, reserved 1089536K
  class space    used 4846K, committed 4992K, reserved 1048576K
}
Event: 4.738 GC heap before
{Heap before GC invocations=19 (full 0):
 garbage-first heap   total 145408K, used 104748K [0x0000000085800000, 0x0000000100000000)
  region size 1024K, 43 young (44032K), 4 survivors (4096K)
 Metaspace       used 37649K, committed 37952K, reserved 1089536K
  class space    used 4860K, committed 4992K, reserved 1048576K
}
Event: 4.741 GC heap after
{Heap after GC invocations=20 (full 0):
 garbage-first heap   total 145408K, used 67546K [0x0000000085800000, 0x0000000100000000)
  region size 1024K, 5 young (5120K), 5 survivors (5120K)
 Metaspace       used 37649K, committed 37952K, reserved 1089536K
  class space    used 4860K, committed 4992K, reserved 1048576K
}
Event: 4.771 GC heap before
{Heap before GC invocations=20 (full 0):
 garbage-first heap   total 145408K, used 109530K [0x0000000085800000, 0x0000000100000000)
  region size 1024K, 47 young (48128K), 5 survivors (5120K)
 Metaspace       used 37708K, committed 38016K, reserved 1089536K
  class space    used 4863K, committed 4992K, reserved 1048576K
}
Event: 4.777 GC heap after
{Heap after GC invocations=21 (full 0):
 garbage-first heap   total 314368K, used 69148K [0x0000000085800000, 0x0000000100000000)
  region size 1024K, 4 young (4096K), 4 survivors (4096K)
 Metaspace       used 37708K, committed 38016K, reserved 1089536K
  class space    used 4863K, committed 4992K, reserved 1048576K
}
Event: 5.156 GC heap before
{Heap before GC invocations=21 (full 0):
 garbage-first heap   total 314368K, used 246300K [0x0000000085800000, 0x0000000100000000)
  region size 1024K, 178 young (182272K), 4 survivors (4096K)
 Metaspace       used 38388K, committed 38720K, reserved 1089536K
  class space    used 4886K, committed 5056K, reserved 1048576K
}
Event: 5.160 GC heap after
{Heap after GC invocations=22 (full 0):
 garbage-first heap   total 314368K, used 75769K [0x0000000085800000, 0x0000000100000000)
  region size 1024K, 11 young (11264K), 11 survivors (11264K)
 Metaspace       used 38388K, committed 38720K, reserved 1089536K
  class space    used 4886K, committed 5056K, reserved 1048576K
}
Event: 5.409 GC heap before
{Heap before GC invocations=22 (full 0):
 garbage-first heap   total 314368K, used 245753K [0x0000000085800000, 0x0000000100000000)
  region size 1024K, 178 young (182272K), 11 survivors (11264K)
 Metaspace       used 38405K, committed 38784K, reserved 1089536K
  class space    used 4889K, committed 5056K, reserved 1048576K
}
Event: 5.417 GC heap after
{Heap after GC invocations=23 (full 0):
 garbage-first heap   total 314368K, used 83268K [0x0000000085800000, 0x0000000100000000)
  region size 1024K, 18 young (18432K), 18 survivors (18432K)
 Metaspace       used 38405K, committed 38784K, reserved 1089536K
  class space    used 4889K, committed 5056K, reserved 1048576K
}
Event: 5.611 GC heap before
{Heap before GC invocations=23 (full 0):
 garbage-first heap   total 314368K, used 251204K [0x0000000085800000, 0x0000000100000000)
  region size 1024K, 183 young (187392K), 18 survivors (18432K)
 Metaspace       used 38966K, committed 39232K, reserved 1089536K
  class space    used 4943K, committed 5056K, reserved 1048576K
}
Event: 5.622 GC heap after
{Heap after GC invocations=24 (full 0):
 garbage-first heap   total 314368K, used 91930K [0x0000000085800000, 0x0000000100000000)
  region size 1024K, 16 young (16384K), 16 survivors (16384K)
 Metaspace       used 38966K, committed 39232K, reserved 1089536K
  class space    used 4943K, committed 5056K, reserved 1048576K
}
Event: 5.779 GC heap before
{Heap before GC invocations=24 (full 0):
 garbage-first heap   total 314368K, used 254746K [0x0000000085800000, 0x0000000100000000)
  region size 1024K, 176 young (180224K), 16 survivors (16384K)
 Metaspace       used 39425K, committed 39744K, reserved 1089536K
  class space    used 5007K, committed 5184K, reserved 1048576K
}
Event: 5.791 GC heap after
{Heap after GC invocations=25 (full 0):
 garbage-first heap   total 314368K, used 99546K [0x0000000085800000, 0x0000000100000000)
  region size 1024K, 17 young (17408K), 17 survivors (17408K)
 Metaspace       used 39425K, committed 39744K, reserved 1089536K
  class space    used 5007K, committed 5184K, reserved 1048576K
}
Event: 5.902 GC heap before
{Heap before GC invocations=25 (full 0):
 garbage-first heap   total 314368K, used 258266K [0x0000000085800000, 0x0000000100000000)
  region size 1024K, 172 young (176128K), 17 survivors (17408K)
 Metaspace       used 39704K, committed 40128K, reserved 1089536K
  class space    used 5042K, committed 5248K, reserved 1048576K
}

