# JRE version: OpenJDK Runtime Environment Temurin-17.0.4+8 (17.0.4+8) (build 17.0.4+8)
# Java VM: OpenJDK 64-Bit Server VM Temurin-17.0.4+8 (17.0.4+8, mixed mode, emulated-client, tiered, compressed oops, compressed class ptrs, g1 gc, windows-amd64)
GC Precious Log:
 CPUs: 8 total, 8 available
 Memory: 7834M
 Large Page Support: Disabled
 NUMA Support: Disabled
 Compressed Oops: Enabled (32-bit)
 Heap Region Size: 1M
 Heap Min Capacity: 8M
 Heap Initial Capacity: 124M
 Heap Max Capacity: 1960M
 Pre-touch: Disabled
 Parallel Workers: 8
 Concurrent Workers: 2
 Concurrent Refinement Workers: 8
 Periodic GC: Disabled
Heap:
 garbage-first heap   total 311296K, used 84265K [0x0000000085800000, 0x0000000100000000)
  region size 1024K, 11 young (11264K), 11 survivors (11264K)
 Metaspace       used 38605K, committed 38912K, reserved 1089536K
  class space    used 4905K, committed 5056K, reserved 1048576K
GC Heap History (20 events):
Event: 4.315 GC heap after
{Heap after GC invocations=14 (full 0):
 garbage-first heap   total 98304K, used 44248K [0x0000000085800000, 0x0000000100000000)
  region size 1024K, 5 young (5120K), 5 survivors (5120K)
 Metaspace       used 34531K, committed 34944K, reserved 1081344K
  class space    used 4417K, committed 4608K, reserved 1048576K
}
Event: 4.694 GC heap before
{Heap before GC invocations=14 (full 0):
 garbage-first heap   total 98304K, used 69848K [0x0000000085800000, 0x0000000100000000)
  region size 1024K, 31 young (31744K), 5 survivors (5120K)
 Metaspace       used 36786K, committed 37184K, reserved 1081344K
  class space    used 4767K, committed 4928K, reserved 1048576K
}
Event: 4.701 GC heap after
{Heap after GC invocations=15 (full 0):
 garbage-first heap   total 98304K, used 48108K [0x0000000085800000, 0x0000000100000000)
  region size 1024K, 4 young (4096K), 4 survivors (4096K)
 Metaspace       used 36786K, committed 37184K, reserved 1081344K
  class space    used 4767K, committed 4928K, reserved 1048576K
}
Event: 4.739 GC heap before
{Heap before GC invocations=15 (full 0):
 garbage-first heap   total 98304K, used 53228K [0x0000000085800000, 0x0000000100000000)
  region size 1024K, 11 young (11264K), 4 survivors (4096K)
 Metaspace       used 36960K, committed 37312K, reserved 1081344K
  class space    used 4783K, committed 4928K, reserved 1048576K
}
Event: 4.743 GC heap after
{Heap after GC invocations=16 (full 0):
 garbage-first heap   total 98304K, used 50254K [0x0000000085800000, 0x0000000100000000)
  region size 1024K, 3 young (3072K), 3 survivors (3072K)
 Metaspace       used 36960K, committed 37312K, reserved 1081344K
  class space    used 4783K, committed 4928K, reserved 1048576K
}
Event: 4.845 GC heap before
{Heap before GC invocations=17 (full 0):
 garbage-first heap   total 111616K, used 73806K [0x0000000085800000, 0x0000000100000000)
  region size 1024K, 24 young (24576K), 3 survivors (3072K)
 Metaspace       used 37752K, committed 38080K, reserved 1089536K
  class space    used 4856K, committed 4992K, reserved 1048576K
}
Event: 4.854 GC heap after
{Heap after GC invocations=18 (full 0):
 garbage-first heap   total 111616K, used 61584K [0x0000000085800000, 0x0000000100000000)
  region size 1024K, 3 young (3072K), 3 survivors (3072K)
 Metaspace       used 37752K, committed 38080K, reserved 1089536K
  class space    used 4856K, committed 4992K, reserved 1048576K
}
Event: 4.864 GC heap before
{Heap before GC invocations=18 (full 0):
 garbage-first heap   total 111616K, used 63632K [0x0000000085800000, 0x0000000100000000)
  region size 1024K, 5 young (5120K), 3 survivors (3072K)
 Metaspace       used 37863K, committed 38208K, reserved 1089536K
  class space    used 4862K, committed 4992K, reserved 1048576K
}
Event: 4.877 GC heap after
{Heap after GC invocations=19 (full 0):
 garbage-first heap   total 111616K, used 63463K [0x0000000085800000, 0x0000000100000000)
  region size 1024K, 1 young (1024K), 1 survivors (1024K)
 Metaspace       used 37863K, committed 38208K, reserved 1089536K
  class space    used 4862K, committed 4992K, reserved 1048576K
}
Event: 4.905 GC heap before
{Heap before GC invocations=19 (full 0):
 garbage-first heap   total 111616K, used 81895K [0x0000000085800000, 0x0000000100000000)
  region size 1024K, 20 young (20480K), 1 survivors (1024K)
 Metaspace       used 38247K, committed 38592K, reserved 1089536K
  class space    used 4873K, committed 5056K, reserved 1048576K
}
Event: 4.918 GC heap after
{Heap after GC invocations=20 (full 0):
 garbage-first heap   total 311296K, used 65756K [0x0000000085800000, 0x0000000100000000)
  region size 1024K, 3 young (3072K), 3 survivors (3072K)
 Metaspace       used 38247K, committed 38592K, reserved 1089536K
  class space    used 4873K, committed 5056K, reserved 1048576K
}
Event: 4.982 GC heap before
{Heap before GC invocations=20 (full 0):
 garbage-first heap   total 311296K, used 157916K [0x0000000085800000, 0x0000000100000000)
  region size 1024K, 94 young (96256K), 3 survivors (3072K)
 Metaspace       used 38311K, committed 38656K, reserved 1089536K
  class space    used 4881K, committed 5056K, reserved 1048576K
}
Event: 4.992 GC heap after
{Heap after GC invocations=21 (full 0):
 garbage-first heap   total 311296K, used 69426K [0x0000000085800000, 0x0000000100000000)
  region size 1024K, 7 young (7168K), 7 survivors (7168K)
 Metaspace       used 38311K, committed 38656K, reserved 1089536K
  class space    used 4881K, committed 5056K, reserved 1048576K
}
Event: 5.081 GC heap before
{Heap before GC invocations=22 (full 0):
 garbage-first heap   total 260096K, used 224050K [0x0000000085800000, 0x0000000100000000)
  region size 1024K, 160 young (163840K), 7 survivors (7168K)
 Metaspace       used 38507K, committed 38848K, reserved 1089536K
  class space    used 4900K, committed 5056K, reserved 1048576K
}
Event: 5.089 GC heap after
{Heap after GC invocations=23 (full 0):
 garbage-first heap   total 260096K, used 74351K [0x0000000085800000, 0x0000000100000000)
  region size 1024K, 13 young (13312K), 13 survivors (13312K)
 Metaspace       used 38507K, committed 38848K, reserved 1089536K
  class space    used 4900K, committed 5056K, reserved 1048576K
}
Event: 5.091 GC heap before
{Heap before GC invocations=23 (full 0):
 garbage-first heap   total 260096K, used 75375K [0x0000000085800000, 0x0000000100000000)
  region size 1024K, 15 young (15360K), 13 survivors (13312K)
 Metaspace       used 38509K, committed 38848K, reserved 1089536K
  class space    used 4900K, committed 5056K, reserved 1048576K
}
Event: 5.101 GC heap after
{Heap after GC invocations=24 (full 0):
 garbage-first heap   total 260096K, used 75316K [0x0000000085800000, 0x0000000100000000)
  region size 1024K, 2 young (2048K), 2 survivors (2048K)
 Metaspace       used 38509K, committed 38848K, reserved 1089536K
  class space    used 4900K, committed 5056K, reserved 1048576K
}
Event: 5.134 GC heap before
{Heap before GC invocations=24 (full 0):
 garbage-first heap   total 260096K, used 194100K [0x0000000085800000, 0x0000000100000000)
  region size 1024K, 119 young (121856K), 2 survivors (2048K)
 Metaspace       used 38570K, committed 38912K, reserved 1089536K
  class space    used 4904K, committed 5056K, reserved 1048576K
}
Event: 5.137 GC heap after
{Heap after GC invocations=25 (full 0):
 garbage-first heap   total 260096K, used 79896K [0x0000000085800000, 0x0000000100000000)
  region size 1024K, 7 young (7168K), 7 survivors (7168K)
 Metaspace       used 38570K, committed 38912K, reserved 1089536K
  class space    used 4904K, committed 5056K, reserved 1048576K
}
Event: 5.170 GC heap before
{Heap before GC invocations=25 (full 0):
 garbage-first heap   total 260096K, used 198680K [0x0000000085800000, 0x0000000100000000)
  region size 1024K, 124 young (126976K), 7 survivors (7168K)
 Metaspace       used 38605K, committed 38912K, reserved 1089536K
  class space    used 4905K, committed 5056K, reserved 1048576K
}

