# JRE version: OpenJDK Runtime Environment Temurin-17.0.4+8 (17.0.4+8) (build 17.0.4+8)
# Java VM: OpenJDK 64-Bit Server VM Temurin-17.0.4+8 (17.0.4+8, mixed mode, emulated-client, tiered, compressed oops, compressed class ptrs, g1 gc, windows-amd64)
GC Precious Log:
 CPUs: 8 total, 8 available
 Memory: 7834M
 Large Page Support: Disabled
 NUMA Support: Disabled
 Compressed Oops: Enabled (32-bit)
 Heap Region Size: 1M
 Heap Min Capacity: 8M
 Heap Initial Capacity: 124M
 Heap Max Capacity: 1960M
 Pre-touch: Disabled
 Parallel Workers: 8
 Concurrent Workers: 2
 Concurrent Refinement Workers: 8
 Periodic GC: Disabled
Heap:
 garbage-first heap   total 433152K, used 90617K [0x0000000085800000, 0x0000000100000000)
  region size 1024K, 7 young (7168K), 7 survivors (7168K)
 Metaspace       used 36281K, committed 36544K, reserved 1081344K
  class space    used 4731K, committed 4864K, reserved 1048576K
GC Heap History (20 events):
Event: 15.512 GC heap after
{Heap after GC invocations=13 (full 0):
 garbage-first heap   total 96256K, used 41544K [0x0000000085800000, 0x0000000100000000)
  region size 1024K, 5 young (5120K), 5 survivors (5120K)
 Metaspace       used 33683K, committed 34048K, reserved 1081344K
  class space    used 4289K, committed 4480K, reserved 1048576K
}
Event: 15.733 GC heap before
{Heap before GC invocations=13 (full 0):
 garbage-first heap   total 96256K, used 68168K [0x0000000085800000, 0x0000000100000000)
  region size 1024K, 32 young (32768K), 5 survivors (5120K)
 Metaspace       used 34758K, committed 35136K, reserved 1081344K
  class space    used 4444K, committed 4608K, reserved 1048576K
}
Event: 15.740 GC heap after
{Heap after GC invocations=14 (full 0):
 garbage-first heap   total 96256K, used 47490K [0x0000000085800000, 0x0000000100000000)
  region size 1024K, 4 young (4096K), 4 survivors (4096K)
 Metaspace       used 34758K, committed 35136K, reserved 1081344K
  class space    used 4444K, committed 4608K, reserved 1048576K
}
Event: 15.753 GC heap before
{Heap before GC invocations=14 (full 0):
 garbage-first heap   total 96256K, used 49538K [0x0000000085800000, 0x0000000100000000)
  region size 1024K, 7 young (7168K), 4 survivors (4096K)
 Metaspace       used 34826K, committed 35200K, reserved 1081344K
  class space    used 4455K, committed 4608K, reserved 1048576K
}
Event: 15.758 GC heap after
{Heap after GC invocations=15 (full 0):
 garbage-first heap   total 192512K, used 49818K [0x0000000085800000, 0x0000000100000000)
  region size 1024K, 2 young (2048K), 2 survivors (2048K)
 Metaspace       used 34826K, committed 35200K, reserved 1081344K
  class space    used 4455K, committed 4608K, reserved 1048576K
}
Event: 16.176 GC heap before
{Heap before GC invocations=15 (full 0):
 garbage-first heap   total 192512K, used 126618K [0x0000000085800000, 0x0000000100000000)
  region size 1024K, 76 young (77824K), 2 survivors (2048K)
 Metaspace       used 35473K, committed 35840K, reserved 1081344K
  class space    used 4549K, committed 4736K, reserved 1048576K
}
Event: 16.200 GC heap after
{Heap after GC invocations=16 (full 0):
 garbage-first heap   total 192512K, used 65495K [0x0000000085800000, 0x0000000100000000)
  region size 1024K, 10 young (10240K), 10 survivors (10240K)
 Metaspace       used 35473K, committed 35840K, reserved 1081344K
  class space    used 4549K, committed 4736K, reserved 1048576K
}
Event: 16.220 GC heap before
{Heap before GC invocations=16 (full 0):
 garbage-first heap   total 192512K, used 125911K [0x0000000085800000, 0x0000000100000000)
  region size 1024K, 70 young (71680K), 10 survivors (10240K)
 Metaspace       used 35591K, committed 35904K, reserved 1081344K
  class space    used 4567K, committed 4736K, reserved 1048576K
}
Event: 16.225 GC heap after
{Heap after GC invocations=17 (full 0):
 garbage-first heap   total 192512K, used 69509K [0x0000000085800000, 0x0000000100000000)
  region size 1024K, 4 young (4096K), 4 survivors (4096K)
 Metaspace       used 35591K, committed 35904K, reserved 1081344K
  class space    used 4567K, committed 4736K, reserved 1048576K
}
Event: 16.242 GC heap before
{Heap before GC invocations=17 (full 0):
 garbage-first heap   total 192512K, used 130949K [0x0000000085800000, 0x0000000100000000)
  region size 1024K, 65 young (66560K), 4 survivors (4096K)
 Metaspace       used 35591K, committed 35904K, reserved 1081344K
  class space    used 4567K, committed 4736K, reserved 1048576K
}
Event: 16.245 GC heap after
{Heap after GC invocations=18 (full 0):
 garbage-first heap   total 192512K, used 70869K [0x0000000085800000, 0x0000000100000000)
  region size 1024K, 6 young (6144K), 6 survivors (6144K)
 Metaspace       used 35591K, committed 35904K, reserved 1081344K
  class space    used 4567K, committed 4736K, reserved 1048576K
}
Event: 16.265 GC heap before
{Heap before GC invocations=18 (full 0):
 garbage-first heap   total 192512K, used 138453K [0x0000000085800000, 0x0000000100000000)
  region size 1024K, 73 young (74752K), 6 survivors (6144K)
 Metaspace       used 35591K, committed 35904K, reserved 1081344K
  class space    used 4567K, committed 4736K, reserved 1048576K
}
Event: 16.270 GC heap after
{Heap after GC invocations=19 (full 0):
 garbage-first heap   total 433152K, used 73624K [0x0000000085800000, 0x0000000100000000)
  region size 1024K, 8 young (8192K), 8 survivors (8192K)
 Metaspace       used 35591K, committed 35904K, reserved 1081344K
  class space    used 4567K, committed 4736K, reserved 1048576K
}
Event: 17.333 GC heap before
{Heap before GC invocations=19 (full 0):
 garbage-first heap   total 433152K, used 220056K [0x0000000085800000, 0x0000000100000000)
  region size 1024K, 153 young (156672K), 8 survivors (8192K)
 Metaspace       used 35787K, committed 36096K, reserved 1081344K
  class space    used 4613K, committed 4800K, reserved 1048576K
}
Event: 17.344 GC heap after
{Heap after GC invocations=20 (full 0):
 garbage-first heap   total 433152K, used 79659K [0x0000000085800000, 0x0000000100000000)
  region size 1024K, 14 young (14336K), 14 survivors (14336K)
 Metaspace       used 35787K, committed 36096K, reserved 1081344K
  class space    used 4613K, committed 4800K, reserved 1048576K
}
Event: 17.748 GC heap before
{Heap before GC invocations=21 (full 0):
 garbage-first heap   total 296960K, used 261931K [0x0000000085800000, 0x0000000100000000)
  region size 1024K, 195 young (199680K), 14 survivors (14336K)
 Metaspace       used 36281K, committed 36544K, reserved 1081344K
  class space    used 4731K, committed 4864K, reserved 1048576K
}
Event: 17.759 GC heap after
{Heap after GC invocations=22 (full 0):
 garbage-first heap   total 296960K, used 85966K [0x0000000085800000, 0x0000000100000000)
  region size 1024K, 21 young (21504K), 21 survivors (21504K)
 Metaspace       used 36281K, committed 36544K, reserved 1081344K
  class space    used 4731K, committed 4864K, reserved 1048576K
}
Event: 17.760 GC heap before
{Heap before GC invocations=22 (full 0):
 garbage-first heap   total 296960K, used 86990K [0x0000000085800000, 0x0000000100000000)
  region size 1024K, 23 young (23552K), 21 survivors (21504K)
 Metaspace       used 36281K, committed 36544K, reserved 1081344K
  class space    used 4731K, committed 4864K, reserved 1048576K
}
Event: 17.767 GC heap after
{Heap after GC invocations=23 (full 0):
 garbage-first heap   total 296960K, used 86508K [0x0000000085800000, 0x0000000100000000)
  region size 1024K, 3 young (3072K), 3 survivors (3072K)
 Metaspace       used 36281K, committed 36544K, reserved 1081344K
  class space    used 4731K, committed 4864K, reserved 1048576K
}
Event: 17.951 GC heap before
{Heap before GC invocations=23 (full 0):
 garbage-first heap   total 296960K, used 233964K [0x0000000085800000, 0x0000000100000000)
  region size 1024K, 148 young (151552K), 3 survivors (3072K)
 Metaspace       used 36281K, committed 36544K, reserved 1081344K
  class space    used 4731K, committed 4864K, reserved 1048576K
}

