# JRE version: OpenJDK Runtime Environment Temurin-17.0.4+8 (17.0.4+8) (build 17.0.4+8)
# Java VM: OpenJDK 64-Bit Server VM Temurin-17.0.4+8 (17.0.4+8, mixed mode, emulated-client, tiered, compressed oops, compressed class ptrs, g1 gc, windows-amd64)
GC Precious Log:
 CPUs: 8 total, 8 available
 Memory: 7834M
 Large Page Support: Disabled
 NUMA Support: Disabled
 Compressed Oops: Enabled (32-bit)
 Heap Region Size: 1M
 Heap Min Capacity: 8M
 Heap Initial Capacity: 124M
 Heap Max Capacity: 1960M
 Pre-touch: Disabled
 Parallel Workers: 8
 Concurrent Workers: 2
 Concurrent Refinement Workers: 8
 Periodic GC: Disabled
Heap:
 garbage-first heap   total 245760K, used 85000K [0x0000000085800000, 0x0000000100000000)
  region size 1024K, 11 young (11264K), 11 survivors (11264K)
 Metaspace       used 38517K, committed 38848K, reserved 1089536K
  class space    used 4904K, committed 5056K, reserved 1048576K
GC Heap History (20 events):
Event: 4.733 GC heap after
{Heap after GC invocations=14 (full 0):
 garbage-first heap   total 117760K, used 41951K [0x0000000085800000, 0x0000000100000000)
  region size 1024K, 4 young (4096K), 4 survivors (4096K)
 Metaspace       used 34724K, committed 35072K, reserved 1081344K
  class space    used 4437K, committed 4608K, reserved 1048576K
}
Event: 4.937 GC heap before
{Heap before GC invocations=14 (full 0):
 garbage-first heap   total 117760K, used 62431K [0x0000000085800000, 0x0000000100000000)
  region size 1024K, 26 young (26624K), 4 survivors (4096K)
 Metaspace       used 35912K, committed 36160K, reserved 1081344K
  class space    used 4668K, committed 4800K, reserved 1048576K
}
Event: 4.944 GC heap after
{Heap after GC invocations=15 (full 0):
 garbage-first heap   total 117760K, used 46814K [0x0000000085800000, 0x0000000100000000)
  region size 1024K, 4 young (4096K), 4 survivors (4096K)
 Metaspace       used 35912K, committed 36160K, reserved 1081344K
  class space    used 4668K, committed 4800K, reserved 1048576K
}
Event: 5.169 GC heap before
{Heap before GC invocations=16 (full 0):
 garbage-first heap   total 117760K, used 85726K [0x0000000085800000, 0x0000000100000000)
  region size 1024K, 41 young (41984K), 4 survivors (4096K)
 Metaspace       used 37291K, committed 37696K, reserved 1089536K
  class space    used 4820K, committed 4992K, reserved 1048576K
}
Event: 5.201 GC heap after
{Heap after GC invocations=17 (full 0):
 garbage-first heap   total 117760K, used 63130K [0x0000000085800000, 0x0000000100000000)
  region size 1024K, 6 young (6144K), 6 survivors (6144K)
 Metaspace       used 37291K, committed 37696K, reserved 1089536K
  class space    used 4820K, committed 4992K, reserved 1048576K
}
Event: 5.217 GC heap before
{Heap before GC invocations=17 (full 0):
 garbage-first heap   total 117760K, used 84634K [0x0000000085800000, 0x0000000100000000)
  region size 1024K, 28 young (28672K), 6 survivors (6144K)
 Metaspace       used 37319K, committed 37696K, reserved 1089536K
  class space    used 4821K, committed 4992K, reserved 1048576K
}
Event: 5.221 GC heap after
{Heap after GC invocations=18 (full 0):
 garbage-first heap   total 117760K, used 65799K [0x0000000085800000, 0x0000000100000000)
  region size 1024K, 2 young (2048K), 2 survivors (2048K)
 Metaspace       used 37319K, committed 37696K, reserved 1089536K
  class space    used 4821K, committed 4992K, reserved 1048576K
}
Event: 5.236 GC heap before
{Heap before GC invocations=18 (full 0):
 garbage-first heap   total 117760K, used 87303K [0x0000000085800000, 0x0000000100000000)
  region size 1024K, 24 young (24576K), 2 survivors (2048K)
 Metaspace       used 37332K, committed 37696K, reserved 1089536K
  class space    used 4823K, committed 4992K, reserved 1048576K
}
Event: 5.238 GC heap after
{Heap after GC invocations=19 (full 0):
 garbage-first heap   total 117760K, used 66110K [0x0000000085800000, 0x0000000100000000)
  region size 1024K, 3 young (3072K), 3 survivors (3072K)
 Metaspace       used 37332K, committed 37696K, reserved 1089536K
  class space    used 4823K, committed 4992K, reserved 1048576K
}
Event: 5.250 GC heap before
{Heap before GC invocations=19 (full 0):
 garbage-first heap   total 117760K, used 88638K [0x0000000085800000, 0x0000000100000000)
  region size 1024K, 26 young (26624K), 3 survivors (3072K)
 Metaspace       used 37332K, committed 37696K, reserved 1089536K
  class space    used 4823K, committed 4992K, reserved 1048576K
}
Event: 5.252 GC heap after
{Heap after GC invocations=20 (full 0):
 garbage-first heap   total 245760K, used 67130K [0x0000000085800000, 0x0000000100000000)
  region size 1024K, 4 young (4096K), 4 survivors (4096K)
 Metaspace       used 37332K, committed 37696K, reserved 1089536K
  class space    used 4823K, committed 4992K, reserved 1048576K
}
Event: 5.316 GC heap before
{Heap before GC invocations=21 (full 0):
 garbage-first heap   total 245760K, used 181818K [0x0000000085800000, 0x0000000100000000)
  region size 1024K, 118 young (120832K), 4 survivors (4096K)
 Metaspace       used 37530K, committed 37888K, reserved 1089536K
  class space    used 4851K, committed 4992K, reserved 1048576K
}
Event: 5.321 GC heap after
{Heap after GC invocations=22 (full 0):
 garbage-first heap   total 245760K, used 70501K [0x0000000085800000, 0x0000000100000000)
  region size 1024K, 8 young (8192K), 8 survivors (8192K)
 Metaspace       used 37530K, committed 37888K, reserved 1089536K
  class space    used 4851K, committed 4992K, reserved 1048576K
}
Event: 5.323 GC heap before
{Heap before GC invocations=22 (full 0):
 garbage-first heap   total 245760K, used 73573K [0x0000000085800000, 0x0000000100000000)
  region size 1024K, 12 young (12288K), 8 survivors (8192K)
 Metaspace       used 37531K, committed 37888K, reserved 1089536K
  class space    used 4851K, committed 4992K, reserved 1048576K
}
Event: 5.328 GC heap after
{Heap after GC invocations=23 (full 0):
 garbage-first heap   total 245760K, used 70889K [0x0000000085800000, 0x0000000100000000)
  region size 1024K, 1 young (1024K), 1 survivors (1024K)
 Metaspace       used 37531K, committed 37888K, reserved 1089536K
  class space    used 4851K, committed 4992K, reserved 1048576K
}
Event: 5.381 GC heap before
{Heap before GC invocations=23 (full 0):
 garbage-first heap   total 245760K, used 189673K [0x0000000085800000, 0x0000000100000000)
  region size 1024K, 118 young (120832K), 1 survivors (1024K)
 Metaspace       used 37741K, committed 38080K, reserved 1089536K
  class space    used 4868K, committed 4992K, reserved 1048576K
}
Event: 5.384 GC heap after
{Heap after GC invocations=24 (full 0):
 garbage-first heap   total 245760K, used 74601K [0x0000000085800000, 0x0000000100000000)
  region size 1024K, 5 young (5120K), 5 survivors (5120K)
 Metaspace       used 37741K, committed 38080K, reserved 1089536K
  class space    used 4868K, committed 4992K, reserved 1048576K
}
Event: 5.436 GC heap before
{Heap before GC invocations=24 (full 0):
 garbage-first heap   total 245760K, used 194409K [0x0000000085800000, 0x0000000100000000)
  region size 1024K, 123 young (125952K), 5 survivors (5120K)
 Metaspace       used 38171K, committed 38528K, reserved 1089536K
  class space    used 4887K, committed 5056K, reserved 1048576K
}
Event: 5.442 GC heap after
{Heap after GC invocations=25 (full 0):
 garbage-first heap   total 245760K, used 79922K [0x0000000085800000, 0x0000000100000000)
  region size 1024K, 10 young (10240K), 10 survivors (10240K)
 Metaspace       used 38171K, committed 38528K, reserved 1089536K
  class space    used 4887K, committed 5056K, reserved 1048576K
}
Event: 5.502 GC heap before
{Heap before GC invocations=25 (full 0):
 garbage-first heap   total 245760K, used 197682K [0x0000000085800000, 0x0000000100000000)
  region size 1024K, 126 young (129024K), 10 survivors (10240K)
 Metaspace       used 38517K, committed 38848K, reserved 1089536K
  class space    used 4904K, committed 5056K, reserved 1048576K
}

