# JRE version: OpenJDK Runtime Environment Temurin-17.0.4+8 (17.0.4+8) (build 17.0.4+8)
# Java VM: OpenJDK 64-Bit Server VM Temurin-17.0.4+8 (17.0.4+8, mixed mode, emulated-client, tiered, compressed oops, compressed class ptrs, g1 gc, windows-amd64)
GC Precious Log:
 CPUs: 8 total, 8 available
 Memory: 7834M
 Large Page Support: Disabled
 NUMA Support: Disabled
 Compressed Oops: Enabled (32-bit)
 Heap Region Size: 1M
 Heap Min Capacity: 8M
 Heap Initial Capacity: 124M
 Heap Max Capacity: 1960M
 Pre-touch: Disabled
 Parallel Workers: 8
 Concurrent Workers: 2
 Concurrent Refinement Workers: 8
 Periodic GC: Disabled
Heap:
 garbage-first heap   total 234496K, used 78265K [0x0000000085800000, 0x0000000100000000)
  region size 1024K, 11 young (11264K), 11 survivors (11264K)
 Metaspace       used 37530K, committed 37888K, reserved 1089536K
  class space    used 4848K, committed 4992K, reserved 1048576K
GC Heap History (20 events):
Event: 2.900 GC heap after
{Heap after GC invocations=10 (full 0):
 garbage-first heap   total 61440K, used 30040K [0x0000000085800000, 0x0000000100000000)
  region size 1024K, 3 young (3072K), 3 survivors (3072K)
 Metaspace       used 33926K, committed 34240K, reserved 1081344K
  class space    used 4326K, committed 4480K, reserved 1048576K
}
Event: 2.941 GC heap before
{Heap before GC invocations=10 (full 0):
 garbage-first heap   total 61440K, used 45400K [0x0000000085800000, 0x0000000100000000)
  region size 1024K, 19 young (19456K), 3 survivors (3072K)
 Metaspace       used 34200K, committed 34496K, reserved 1081344K
  class space    used 4361K, committed 4544K, reserved 1048576K
}
Event: 2.944 GC heap after
{Heap after GC invocations=11 (full 0):
 garbage-first heap   total 100352K, used 32719K [0x0000000085800000, 0x0000000100000000)
  region size 1024K, 3 young (3072K), 3 survivors (3072K)
 Metaspace       used 34200K, committed 34496K, reserved 1081344K
  class space    used 4361K, committed 4544K, reserved 1048576K
}
Event: 3.035 GC heap before
{Heap before GC invocations=11 (full 0):
 garbage-first heap   total 100352K, used 71631K [0x0000000085800000, 0x0000000100000000)
  region size 1024K, 41 young (41984K), 3 survivors (3072K)
 Metaspace       used 34640K, committed 35008K, reserved 1081344K
  class space    used 4424K, committed 4608K, reserved 1048576K
}
Event: 3.043 GC heap after
{Heap after GC invocations=12 (full 0):
 garbage-first heap   total 100352K, used 42307K [0x0000000085800000, 0x0000000100000000)
  region size 1024K, 6 young (6144K), 6 survivors (6144K)
 Metaspace       used 34640K, committed 35008K, reserved 1081344K
  class space    used 4424K, committed 4608K, reserved 1048576K
}
Event: 3.183 GC heap before
{Heap before GC invocations=12 (full 0):
 garbage-first heap   total 100352K, used 68931K [0x0000000085800000, 0x0000000100000000)
  region size 1024K, 33 young (33792K), 6 survivors (6144K)
 Metaspace       used 35830K, committed 36096K, reserved 1081344K
  class space    used 4646K, committed 4800K, reserved 1048576K
}
Event: 3.189 GC heap after
{Heap after GC invocations=13 (full 0):
 garbage-first heap   total 100352K, used 47918K [0x0000000085800000, 0x0000000100000000)
  region size 1024K, 5 young (5120K), 5 survivors (5120K)
 Metaspace       used 35830K, committed 36096K, reserved 1081344K
  class space    used 4646K, committed 4800K, reserved 1048576K
}
Event: 3.321 GC heap before
{Heap before GC invocations=14 (full 0):
 garbage-first heap   total 100352K, used 73518K [0x0000000085800000, 0x0000000100000000)
  region size 1024K, 30 young (30720K), 5 survivors (5120K)
 Metaspace       used 36769K, committed 37120K, reserved 1081344K
  class space    used 4763K, committed 4928K, reserved 1048576K
}
Event: 3.330 GC heap after
{Heap after GC invocations=15 (full 0):
 garbage-first heap   total 100352K, used 58103K [0x0000000085800000, 0x0000000100000000)
  region size 1024K, 4 young (4096K), 4 survivors (4096K)
 Metaspace       used 36769K, committed 37120K, reserved 1081344K
  class space    used 4763K, committed 4928K, reserved 1048576K
}
Event: 3.335 GC heap before
{Heap before GC invocations=15 (full 0):
 garbage-first heap   total 100352K, used 59127K [0x0000000085800000, 0x0000000100000000)
  region size 1024K, 5 young (5120K), 4 survivors (4096K)
 Metaspace       used 36786K, committed 37120K, reserved 1081344K
  class space    used 4766K, committed 4928K, reserved 1048576K
}
Event: 3.339 GC heap after
{Heap after GC invocations=16 (full 0):
 garbage-first heap   total 100352K, used 59273K [0x0000000085800000, 0x0000000100000000)
  region size 1024K, 1 young (1024K), 1 survivors (1024K)
 Metaspace       used 36786K, committed 37120K, reserved 1081344K
  class space    used 4766K, committed 4928K, reserved 1048576K
}
Event: 3.342 GC heap before
{Heap before GC invocations=16 (full 0):
 garbage-first heap   total 100352K, used 60297K [0x0000000085800000, 0x0000000100000000)
  region size 1024K, 3 young (3072K), 1 survivors (1024K)
 Metaspace       used 36798K, committed 37184K, reserved 1081344K
  class space    used 4769K, committed 4928K, reserved 1048576K
}
Event: 3.346 GC heap after
{Heap after GC invocations=17 (full 0):
 garbage-first heap   total 234496K, used 59856K [0x0000000085800000, 0x0000000100000000)
  region size 1024K, 2 young (2048K), 2 survivors (2048K)
 Metaspace       used 36798K, committed 37184K, reserved 1081344K
  class space    used 4769K, committed 4928K, reserved 1048576K
}
Event: 3.429 GC heap before
{Heap before GC invocations=17 (full 0):
 garbage-first heap   total 234496K, used 134608K [0x0000000085800000, 0x0000000100000000)
  region size 1024K, 75 young (76800K), 2 survivors (2048K)
 Metaspace       used 37237K, committed 37632K, reserved 1089536K
  class space    used 4809K, committed 4992K, reserved 1048576K
}
Event: 3.450 GC heap after
{Heap after GC invocations=18 (full 0):
 garbage-first heap   total 234496K, used 67854K [0x0000000085800000, 0x0000000100000000)
  region size 1024K, 9 young (9216K), 9 survivors (9216K)
 Metaspace       used 37237K, committed 37632K, reserved 1089536K
  class space    used 4809K, committed 4992K, reserved 1048576K
}
Event: 3.483 GC heap before
{Heap before GC invocations=18 (full 0):
 garbage-first heap   total 234496K, used 145678K [0x0000000085800000, 0x0000000100000000)
  region size 1024K, 86 young (88064K), 9 survivors (9216K)
 Metaspace       used 37257K, committed 37632K, reserved 1089536K
  class space    used 4813K, committed 4992K, reserved 1048576K
}
Event: 3.503 GC heap after
{Heap after GC invocations=19 (full 0):
 garbage-first heap   total 234496K, used 71280K [0x0000000085800000, 0x0000000100000000)
  region size 1024K, 4 young (4096K), 4 survivors (4096K)
 Metaspace       used 37257K, committed 37632K, reserved 1089536K
  class space    used 4813K, committed 4992K, reserved 1048576K
}
Event: 3.534 GC heap before
{Heap before GC invocations=19 (full 0):
 garbage-first heap   total 234496K, used 162416K [0x0000000085800000, 0x0000000100000000)
  region size 1024K, 94 young (96256K), 4 survivors (4096K)
 Metaspace       used 37346K, committed 37696K, reserved 1089536K
  class space    used 4825K, committed 4992K, reserved 1048576K
}
Event: 3.539 GC heap after
{Heap after GC invocations=20 (full 0):
 garbage-first heap   total 234496K, used 74508K [0x0000000085800000, 0x0000000100000000)
  region size 1024K, 7 young (7168K), 7 survivors (7168K)
 Metaspace       used 37346K, committed 37696K, reserved 1089536K
  class space    used 4825K, committed 4992K, reserved 1048576K
}
Event: 3.565 GC heap before
{Heap before GC invocations=20 (full 0):
 garbage-first heap   total 234496K, used 171788K [0x0000000085800000, 0x0000000100000000)
  region size 1024K, 103 young (105472K), 7 survivors (7168K)
 Metaspace       used 37530K, committed 37888K, reserved 1089536K
  class space    used 4848K, committed 4992K, reserved 1048576K
}

